21-Jan-2019 14:13:24.307  ERROR  [main] com.infy.utility.LoggingAspect [logServiceException] - Service.CUSTOMER_UNAVAILABLE
java.lang.Exception: Service.CUSTOMER_UNAVAILABLE
	at com.infy.service.CustomerServiceImpl.getCustomer(CustomerServiceImpl.java:22)
	at com.infy.service.CustomerServiceImpl$$FastClassBySpringCGLIB$$5a044175.invoke(<generated>)
	at org.springframework.cglib.proxy.MethodProxy.invoke(MethodProxy.java:204)
	at org.springframework.aop.framework.CglibAopProxy$CglibMethodInvocation.invokeJoinpoint(CglibAopProxy.java:746)
	at org.springframework.aop.framework.ReflectiveMethodInvocation.proceed(ReflectiveMethodInvocation.java:163)
	at org.springframework.aop.aspectj.AspectJAfterThrowingAdvice.invoke(AspectJAfterThrowingAdvice.java:62)
	at org.springframework.aop.framework.ReflectiveMethodInvocation.proceed(ReflectiveMethodInvocation.java:185)
	at org.springframework.transaction.interceptor.TransactionAspectSupport.invokeWithinTransaction(TransactionAspectSupport.java:294)
	at org.springframework.transaction.interceptor.TransactionInterceptor.invoke(TransactionInterceptor.java:98)
	at org.springframework.aop.framework.ReflectiveMethodInvocation.proceed(ReflectiveMethodInvocation.java:185)
	at org.springframework.aop.interceptor.ExposeInvocationInterceptor.invoke(ExposeInvocationInterceptor.java:92)
	at org.springframework.aop.framework.ReflectiveMethodInvocation.proceed(ReflectiveMethodInvocation.java:185)
	at org.springframework.aop.framework.CglibAopProxy$DynamicAdvisedInterceptor.intercept(CglibAopProxy.java:688)
	at com.infy.service.CustomerServiceImpl$$EnhancerBySpringCGLIB$$ab112737.getCustomer(<generated>)
	at com.infy.DemoSpringBootJPACRUDApplication.getCustomer(DemoSpringBootJPACRUDApplication.java:59)
	at com.infy.DemoSpringBootJPACRUDApplication.run(DemoSpringBootJPACRUDApplication.java:29)
	at org.springframework.boot.SpringApplication.callRunner(SpringApplication.java:818)
	at org.springframework.boot.SpringApplication.callRunners(SpringApplication.java:802)
	at org.springframework.boot.SpringApplication.run(SpringApplication.java:341)
	at org.springframework.boot.SpringApplication.run(SpringApplication.java:1277)
	at org.springframework.boot.SpringApplication.run(SpringApplication.java:1265)
	at com.infy.DemoSpringBootJPACRUDApplication.main(DemoSpringBootJPACRUDApplication.java:22)

